<?xml version="1.0" encoding="UTF-8"?>
<testng-results ignored="0" total="2" passed="2" failed="0" skipped="0">
  <reporter-output>
  </reporter-output>
  <suite started-at="2025-03-05T15:46:27 CET" name="FAR" finished-at="2025-03-05T15:46:34 CET" duration-ms="7071">
    <groups>
    </groups>
    <test started-at="2025-03-05T15:46:27 CET" name="API and GUI Tests" finished-at="2025-03-05T15:46:34 CET" duration-ms="7071">
      <class name="com.nordea.tests.api.ApiTest">
        <test-method signature="apiTest()[pri:0, instance:com.nordea.tests.api.ApiTest@62150f9e]" started-at="2025-03-05T15:46:27 CET" name="apiTest" finished-at="2025-03-05T15:46:30 CET" duration-ms="3383" status="PASS">
          <reporter-output>
          </reporter-output>
        </test-method> <!-- apiTest -->
      </class> <!-- com.nordea.tests.api.ApiTest -->
      <class name="com.nordea.tests.gui.GuiTest">
        <test-method is-config="true" signature="setup()[pri:0, instance:com.nordea.tests.gui.GuiTest@5158b42f]" started-at="2025-03-05T15:46:30 CET" name="setup" finished-at="2025-03-05T15:46:31 CET" duration-ms="1203" status="PASS">
          <reporter-output>
          </reporter-output>
        </test-method> <!-- setup -->
        <test-method signature="guiTest()[pri:0, instance:com.nordea.tests.gui.GuiTest@5158b42f]" started-at="2025-03-05T15:46:31 CET" name="guiTest" finished-at="2025-03-05T15:46:34 CET" duration-ms="2246" status="PASS">
          <reporter-output>
          </reporter-output>
        </test-method> <!-- guiTest -->
        <test-method is-config="true" signature="teardown()[pri:0, instance:com.nordea.tests.gui.GuiTest@5158b42f]" started-at="2025-03-05T15:46:34 CET" name="teardown" finished-at="2025-03-05T15:46:34 CET" duration-ms="213" status="PASS">
          <reporter-output>
          </reporter-output>
        </test-method> <!-- teardown -->
      </class> <!-- com.nordea.tests.gui.GuiTest -->
    </test> <!-- API and GUI Tests -->
  </suite> <!-- FAR -->
</testng-results>
